INFO 2025-07-24 10:05:07,129 autoreload 2592 3892 Watching for file changes with StatReloader
INFO 2025-07-24 10:05:17,034 basehttp 2592 16300 "GET /admin/ HTTP/1.1" 200 6097
INFO 2025-07-24 10:05:17,191 basehttp 2592 16300 "GET /static/admin/css/base.css HTTP/1.1" 200 22120
INFO 2025-07-24 10:05:17,220 basehttp 2592 10412 "GET /static/admin/css/dark_mode.css HTTP/1.1" 200 2808
INFO 2025-07-24 10:05:17,223 basehttp 2592 15588 "GET /static/admin/js/theme.js HTTP/1.1" 200 1653
INFO 2025-07-24 10:05:17,226 basehttp 2592 13396 "GET /static/admin/css/dashboard.css HTTP/1.1" 200 441
INFO 2025-07-24 10:05:17,227 basehttp 2592 16900 "GET /static/admin/css/nav_sidebar.css HTTP/1.1" 200 2810
INFO 2025-07-24 10:05:17,230 basehttp 2592 13396 "GET /static/admin/js/nav_sidebar.js HTTP/1.1" 200 3063
INFO 2025-07-24 10:05:17,236 basehttp 2592 17388 "GET /static/admin/css/responsive.css HTTP/1.1" 200 16565
INFO 2025-07-24 10:05:17,244 basehttp 2592 17388 "GET /static/admin/img/icon-addlink.svg HTTP/1.1" 200 331
INFO 2025-07-24 10:05:17,244 basehttp 2592 13396 "GET /static/admin/img/icon-changelink.svg HTTP/1.1" 200 380
INFO 2025-07-24 10:05:21,421 basehttp 2592 17388 "GET / HTTP/1.1" 200 21
INFO 2025-07-24 10:11:46,226 autoreload 15148 3920 Watching for file changes with StatReloader
ERROR 2025-07-24 10:11:46,933 log 15148 15956 Internal Server Error: /
Traceback (most recent call last):
  File "C:\laragon\www\Django_DigSignature\myDjango_DigSignature\Lib\site-packages\django\core\handlers\exception.py", line 55, in inner
    response = get_response(request)
  File "C:\laragon\www\Django_DigSignature\myDjango_DigSignature\Lib\site-packages\django\core\handlers\base.py", line 197, in _get_response
    response = wrapped_callback(request, *callback_args, **callback_kwargs)
  File "C:\laragon\www\Django_DigSignature\DigSignature_server\core\views.py", line 13, in dashboard
    return render(request, 'core/dashboard.html', context)
  File "C:\laragon\www\Django_DigSignature\myDjango_DigSignature\Lib\site-packages\django\shortcuts.py", line 25, in render
    content = loader.render_to_string(template_name, context, request, using=using)
  File "C:\laragon\www\Django_DigSignature\myDjango_DigSignature\Lib\site-packages\django\template\loader.py", line 62, in render_to_string
    return template.render(context, request)
           ~~~~~~~~~~~~~~~^^^^^^^^^^^^^^^^^^
  File "C:\laragon\www\Django_DigSignature\myDjango_DigSignature\Lib\site-packages\django\template\backends\django.py", line 107, in render
    return self.template.render(context)
           ~~~~~~~~~~~~~~~~~~~~^^^^^^^^^
  File "C:\laragon\www\Django_DigSignature\myDjango_DigSignature\Lib\site-packages\django\template\base.py", line 171, in render
    return self._render(context)
           ~~~~~~~~~~~~^^^^^^^^^
  File "C:\laragon\www\Django_DigSignature\myDjango_DigSignature\Lib\site-packages\django\template\base.py", line 163, in _render
    return self.nodelist.render(context)
           ~~~~~~~~~~~~~~~~~~~~^^^^^^^^^
  File "C:\laragon\www\Django_DigSignature\myDjango_DigSignature\Lib\site-packages\django\template\base.py", line 1016, in render
    return SafeString("".join([node.render_annotated(context) for node in self]))
                               ~~~~~~~~~~~~~~~~~~~~~^^^^^^^^^
  File "C:\laragon\www\Django_DigSignature\myDjango_DigSignature\Lib\site-packages\django\template\base.py", line 977, in render_annotated
    return self.render(context)
           ~~~~~~~~~~~^^^^^^^^^
  File "C:\laragon\www\Django_DigSignature\myDjango_DigSignature\Lib\site-packages\django\template\loader_tags.py", line 159, in render
    return compiled_parent._render(context)
           ~~~~~~~~~~~~~~~~~~~~~~~^^^^^^^^^
  File "C:\laragon\www\Django_DigSignature\myDjango_DigSignature\Lib\site-packages\django\template\base.py", line 163, in _render
    return self.nodelist.render(context)
           ~~~~~~~~~~~~~~~~~~~~^^^^^^^^^
  File "C:\laragon\www\Django_DigSignature\myDjango_DigSignature\Lib\site-packages\django\template\base.py", line 1016, in render
    return SafeString("".join([node.render_annotated(context) for node in self]))
                               ~~~~~~~~~~~~~~~~~~~~~^^^^^^^^^
  File "C:\laragon\www\Django_DigSignature\myDjango_DigSignature\Lib\site-packages\django\template\base.py", line 977, in render_annotated
    return self.render(context)
           ~~~~~~~~~~~^^^^^^^^^
  File "C:\laragon\www\Django_DigSignature\myDjango_DigSignature\Lib\site-packages\django\template\defaulttags.py", line 480, in render
    url = reverse(view_name, args=args, kwargs=kwargs, current_app=current_app)
  File "C:\laragon\www\Django_DigSignature\myDjango_DigSignature\Lib\site-packages\django\urls\base.py", line 98, in reverse
    resolved_url = resolver._reverse_with_prefix(view, prefix, *args, **kwargs)
  File "C:\laragon\www\Django_DigSignature\myDjango_DigSignature\Lib\site-packages\django\urls\resolvers.py", line 831, in _reverse_with_prefix
    raise NoReverseMatch(msg)
django.urls.exceptions.NoReverseMatch: Reverse for 'settings_view' not found. 'settings_view' is not a valid view function or pattern name.
ERROR 2025-07-24 10:11:46,944 basehttp 15148 15956 "GET / HTTP/1.1" 500 156151
INFO 2025-07-24 10:14:57,947 autoreload 15148 3920 C:\laragon\www\Django_DigSignature\DigSignature_server\scheduling\urls.py changed, reloading.
INFO 2025-07-24 10:14:58,450 autoreload 11900 3024 Watching for file changes with StatReloader
INFO 2025-07-24 10:15:10,799 autoreload 11900 3024 C:\laragon\www\Django_DigSignature\DigSignature_server\playlists\urls.py changed, reloading.
INFO 2025-07-24 10:15:11,228 autoreload 3440 17804 Watching for file changes with StatReloader
INFO 2025-07-24 10:15:25,675 autoreload 3440 17804 C:\laragon\www\Django_DigSignature\DigSignature_server\content\urls.py changed, reloading.
INFO 2025-07-24 10:15:26,150 autoreload 17020 9932 Watching for file changes with StatReloader
INFO 2025-07-24 10:15:40,562 autoreload 17020 9932 C:\laragon\www\Django_DigSignature\DigSignature_server\players\urls.py changed, reloading.
INFO 2025-07-24 10:15:41,057 autoreload 15540 10372 Watching for file changes with StatReloader
INFO 2025-07-24 10:15:56,460 autoreload 15540 10372 C:\laragon\www\Django_DigSignature\DigSignature_server\core\urls.py changed, reloading.
INFO 2025-07-24 10:15:56,918 autoreload 17264 14488 Watching for file changes with StatReloader
INFO 2025-07-24 10:16:09,252 basehttp 17264 7148 "GET / HTTP/1.1" 200 21455
INFO 2025-07-24 10:16:28,783 basehttp 17264 7148 "GET /content/assets/ HTTP/1.1" 200 23
INFO 2025-07-24 10:16:32,718 basehttp 17264 7148 "GET /players/ HTTP/1.1" 200 24
INFO 2025-07-24 10:16:35,645 basehttp 17264 7148 "GET /players/?status=online HTTP/1.1" 200 24
INFO 2025-07-24 10:16:37,801 basehttp 17264 7148 "GET /content/assets/ HTTP/1.1" 200 23
INFO 2025-07-24 10:16:39,460 basehttp 17264 7148 "GET /api/dashboard/players-status/ HTTP/1.1" 200 5650
INFO 2025-07-24 10:16:40,845 basehttp 17264 7148 "GET /playlists/ HTTP/1.1" 200 26
INFO 2025-07-24 10:16:43,145 basehttp 17264 7148 "GET /players/groups/ HTTP/1.1" 200 23
INFO 2025-07-24 10:16:45,328 basehttp 17264 7148 "GET /players/ HTTP/1.1" 200 24
INFO 2025-07-24 10:16:47,187 basehttp 17264 7148 "GET /content/assets/ HTTP/1.1" 200 23
INFO 2025-07-24 10:16:49,386 basehttp 17264 7148 "GET /playlists/ HTTP/1.1" 200 26
INFO 2025-07-24 10:16:51,550 basehttp 17264 7148 "GET /scheduling/ HTTP/1.1" 200 26
INFO 2025-07-24 10:16:54,460 basehttp 17264 7148 "GET /api/dashboard/players-status/ HTTP/1.1" 200 5650
INFO 2025-07-24 10:17:07,423 basehttp 17264 7148 "GET /settings/ HTTP/1.1" 200 20
INFO 2025-07-24 10:17:09,523 basehttp 17264 7148 "GET /api/dashboard/players-status/ HTTP/1.1" 200 5650
INFO 2025-07-24 10:17:11,721 basehttp 17264 7148 "GET /activity-log/ HTTP/1.1" 200 24
INFO 2025-07-24 10:17:15,646 basehttp 17264 7148 "GET /admin/ HTTP/1.1" 200 6097
INFO 2025-07-24 10:17:15,698 basehttp 17264 7148 "GET /static/admin/css/base.css HTTP/1.1" 304 0
INFO 2025-07-24 10:17:15,712 basehttp 17264 9016 "GET /static/admin/css/dashboard.css HTTP/1.1" 304 0
INFO 2025-07-24 10:17:15,712 basehttp 17264 14076 "GET /static/admin/css/nav_sidebar.css HTTP/1.1" 304 0
INFO 2025-07-24 10:17:15,712 basehttp 17264 16320 "GET /static/admin/js/theme.js HTTP/1.1" 304 0
INFO 2025-07-24 10:17:15,713 basehttp 17264 7148 "GET /static/admin/css/dark_mode.css HTTP/1.1" 304 0
INFO 2025-07-24 10:17:15,713 basehttp 17264 15808 "GET /static/admin/css/responsive.css HTTP/1.1" 304 0
INFO 2025-07-24 10:17:15,718 basehttp 17264 15808 "GET /static/admin/js/nav_sidebar.js HTTP/1.1" 304 0
INFO 2025-07-24 10:17:15,724 basehttp 17264 7148 "GET /static/admin/img/icon-changelink.svg HTTP/1.1" 304 0
INFO 2025-07-24 10:17:15,724 basehttp 17264 15808 "GET /static/admin/img/icon-addlink.svg HTTP/1.1" 304 0
INFO 2025-07-24 10:20:45,428 autoreload 17264 14488 C:\laragon\www\Django_DigSignature\DigSignature_server\players\models.py changed, reloading.
INFO 2025-07-24 10:20:46,005 autoreload 16800 18336 Watching for file changes with StatReloader
INFO 2025-07-24 10:24:16,099 autoreload 8372 17880 Watching for file changes with StatReloader
INFO 2025-07-24 10:24:22,333 basehttp 8372 8924 "GET /admin/ HTTP/1.1" 200 6097
INFO 2025-07-24 10:24:22,369 basehttp 8372 8924 "GET /static/admin/css/base.css HTTP/1.1" 304 0
INFO 2025-07-24 10:24:22,379 basehttp 8372 11392 "GET /static/admin/js/theme.js HTTP/1.1" 304 0
INFO 2025-07-24 10:24:22,379 basehttp 8372 8924 "GET /static/admin/css/dark_mode.css HTTP/1.1" 304 0
INFO 2025-07-24 10:24:22,382 basehttp 8372 11392 "GET /static/admin/css/dashboard.css HTTP/1.1" 304 0
INFO 2025-07-24 10:24:22,383 basehttp 8372 8924 "GET /static/admin/css/nav_sidebar.css HTTP/1.1" 304 0
INFO 2025-07-24 10:24:22,383 basehttp 8372 2420 "GET /static/admin/css/responsive.css HTTP/1.1" 304 0
INFO 2025-07-24 10:24:22,387 basehttp 8372 2420 "GET /static/admin/js/nav_sidebar.js HTTP/1.1" 304 0
INFO 2025-07-24 10:24:22,391 basehttp 8372 2420 "GET /static/admin/img/icon-addlink.svg HTTP/1.1" 304 0
INFO 2025-07-24 10:24:22,391 basehttp 8372 11392 "GET /static/admin/img/icon-changelink.svg HTTP/1.1" 304 0
INFO 2025-07-24 10:27:35,409 autoreload 8372 17880 C:\laragon\www\Django_DigSignature\DigSignature_server\players\admin.py changed, reloading.
INFO 2025-07-24 10:27:35,882 autoreload 13216 2708 Watching for file changes with StatReloader
INFO 2025-07-24 10:28:12,523 autoreload 13216 2708 C:\laragon\www\Django_DigSignature\DigSignature_server\core\admin.py changed, reloading.
INFO 2025-07-24 10:28:13,023 autoreload 1888 18056 Watching for file changes with StatReloader
INFO 2025-07-24 10:28:30,456 autoreload 1888 18056 C:\laragon\www\Django_DigSignature\DigSignature_server\playlists\admin.py changed, reloading.
INFO 2025-07-24 10:28:30,967 autoreload 11188 13820 Watching for file changes with StatReloader
INFO 2025-07-24 10:30:14,325 autoreload 11188 13820 C:\laragon\www\Django_DigSignature\DigSignature_server\scheduling\admin.py changed, reloading.
INFO 2025-07-24 10:30:14,837 autoreload 1284 16968 Watching for file changes with StatReloader
INFO 2025-07-24 10:31:22,817 autoreload 1284 16968 C:\laragon\www\Django_DigSignature\DigSignature_server\content\admin.py changed, reloading.
INFO 2025-07-24 10:31:23,276 autoreload 4808 17928 Watching for file changes with StatReloader
INFO 2025-07-24 10:31:29,680 basehttp 4808 11536 "GET /admin/ HTTP/1.1" 200 15858
INFO 2025-07-24 10:31:29,720 basehttp 4808 11536 "GET /static/admin/css/base.css HTTP/1.1" 304 0
INFO 2025-07-24 10:31:29,737 basehttp 4808 3564 "GET /static/admin/js/theme.js HTTP/1.1" 304 0
INFO 2025-07-24 10:31:29,738 basehttp 4808 11536 "GET /static/admin/css/dark_mode.css HTTP/1.1" 304 0
INFO 2025-07-24 10:31:29,738 basehttp 4808 11268 "GET /static/admin/css/nav_sidebar.css HTTP/1.1" 304 0
INFO 2025-07-24 10:31:29,740 basehttp 4808 13124 "GET /static/admin/css/dashboard.css HTTP/1.1" 304 0
INFO 2025-07-24 10:31:29,740 basehttp 4808 10912 "GET /static/admin/css/responsive.css HTTP/1.1" 304 0
INFO 2025-07-24 10:31:29,744 basehttp 4808 10912 "GET /static/admin/js/nav_sidebar.js HTTP/1.1" 304 0
INFO 2025-07-24 10:31:29,748 basehttp 4808 10912 "GET /static/admin/img/icon-addlink.svg HTTP/1.1" 304 0
INFO 2025-07-24 10:31:29,749 basehttp 4808 13124 "GET /static/admin/img/icon-changelink.svg HTTP/1.1" 304 0
INFO 2025-07-24 10:31:34,353 basehttp 4808 13124 "GET /admin/content/asset/ HTTP/1.1" 200 16720
INFO 2025-07-24 10:31:34,447 basehttp 4808 10912 "GET /admin/jsi18n/ HTTP/1.1" 200 3342
INFO 2025-07-24 10:31:34,542 basehttp 4808 13124 "GET /static/admin/css/changelists.css HTTP/1.1" 200 6878
INFO 2025-07-24 10:31:34,545 basehttp 4808 13124 "GET /static/admin/js/urlify.js HTTP/1.1" 200 7887
INFO 2025-07-24 10:31:34,546 basehttp 4808 11536 "GET /static/admin/js/jquery.init.js HTTP/1.1" 200 347
INFO 2025-07-24 10:31:34,548 basehttp 4808 13124 "GET /static/admin/js/prepopulate.js HTTP/1.1" 200 1531
INFO 2025-07-24 10:31:34,552 basehttp 4808 13124 "GET /static/admin/img/search.svg HTTP/1.1" 200 458
INFO 2025-07-24 10:31:34,552 basehttp 4808 3564 "GET /static/admin/js/core.js HTTP/1.1" 200 6208
INFO 2025-07-24 10:31:34,561 basehttp 4808 10912 "GET /static/admin/js/actions.js HTTP/1.1" 200 8076
INFO 2025-07-24 10:31:34,575 basehttp 4808 16056 "GET /static/admin/js/admin/RelatedObjectLookups.js HTTP/1.1" 200 9777
INFO 2025-07-24 10:31:34,616 basehttp 4808 11268 "GET /static/admin/js/vendor/jquery/jquery.js HTTP/1.1" 200 285314
INFO 2025-07-24 10:31:34,624 basehttp 4808 11268 "GET /static/admin/js/filters.js HTTP/1.1" 200 978
INFO 2025-07-24 10:31:34,652 basehttp 4808 11536 "GET /static/admin/js/vendor/xregexp/xregexp.js HTTP/1.1" 200 325171
INFO 2025-07-24 10:31:34,669 basehttp 4808 11536 "GET /static/admin/img/tooltag-add.svg HTTP/1.1" 200 331
INFO 2025-07-24 10:31:34,669 basehttp 4808 11268 "GET /static/admin/img/icon-viewlink.svg HTTP/1.1" 200 581
INFO 2025-07-24 10:31:38,858 basehttp 4808 11268 "GET /admin/content/asset/add/ HTTP/1.1" 200 27581
INFO 2025-07-24 10:31:38,917 basehttp 4808 11268 "GET /static/admin/css/forms.css HTTP/1.1" 200 8525
INFO 2025-07-24 10:31:38,917 basehttp 4808 10912 "GET /static/admin/js/SelectBox.js HTTP/1.1" 200 4530
INFO 2025-07-24 10:31:38,923 basehttp 4808 3564 "GET /admin/jsi18n/ HTTP/1.1" 200 3342
INFO 2025-07-24 10:31:38,923 basehttp 4808 11268 "GET /static/admin/js/prepopulate_init.js HTTP/1.1" 200 586
INFO 2025-07-24 10:31:38,936 basehttp 4808 10912 "GET /static/admin/css/widgets.css HTTP/1.1" 200 11991
INFO 2025-07-24 10:31:38,940 basehttp 4808 13124 "GET /static/admin/js/SelectFilter2.js HTTP/1.1" 200 15709
INFO 2025-07-24 10:31:38,942 basehttp 4808 11536 "GET /static/admin/js/calendar.js HTTP/1.1" 200 9141
INFO 2025-07-24 10:31:38,942 basehttp 4808 16056 "GET /static/admin/js/admin/DateTimeShortcuts.js HTTP/1.1" 200 19319
INFO 2025-07-24 10:31:38,977 basehttp 4808 16056 "GET /static/admin/js/change_form.js HTTP/1.1" 200 606
INFO 2025-07-24 10:31:39,025 basehttp 4808 16056 "GET /static/admin/img/selector-icons.svg HTTP/1.1" 200 3291
INFO 2025-07-24 10:31:39,025 basehttp 4808 11536 "GET /static/admin/img/icon-calendar.svg HTTP/1.1" 200 1086
INFO 2025-07-24 10:31:39,025 basehttp 4808 13124 "GET /static/admin/img/icon-clock.svg HTTP/1.1" 200 677
INFO 2025-07-24 10:31:45,076 basehttp 4808 16056 "GET /admin/content/asset/ HTTP/1.1" 200 16720
INFO 2025-07-24 10:31:47,145 basehttp 4808 16056 "GET /admin/content/label/ HTTP/1.1" 200 15324
INFO 2025-07-24 10:31:47,191 basehttp 4808 16056 "GET /admin/jsi18n/ HTTP/1.1" 200 3342
INFO 2025-07-24 10:31:48,604 basehttp 4808 16056 "GET /admin/content/label/add/ HTTP/1.1" 200 17265
INFO 2025-07-24 10:31:48,653 basehttp 4808 16056 "GET /admin/jsi18n/ HTTP/1.1" 200 3342
INFO 2025-07-24 10:31:51,141 basehttp 4808 16056 "GET /admin/content/label/ HTTP/1.1" 200 15324
INFO 2025-07-24 10:31:52,353 basehttp 4808 16056 "GET /admin/content/layout/ HTTP/1.1" 200 15331
INFO 2025-07-24 10:31:52,410 basehttp 4808 16056 "GET /admin/jsi18n/ HTTP/1.1" 200 3342
INFO 2025-07-24 10:31:53,951 basehttp 4808 16056 "GET /admin/content/layout/add/ HTTP/1.1" 200 19684
INFO 2025-07-24 10:31:54,000 basehttp 4808 16056 "GET /admin/jsi18n/ HTTP/1.1" 200 3342
INFO 2025-07-24 10:31:57,627 basehttp 4808 16056 "GET /admin/content/layout/ HTTP/1.1" 200 15331
INFO 2025-07-24 10:31:58,830 basehttp 4808 16056 "GET /admin/core/activitylog/ HTTP/1.1" 200 17136
INFO 2025-07-24 10:31:58,874 basehttp 4808 16056 "GET /admin/jsi18n/ HTTP/1.1" 200 3342
INFO 2025-07-24 10:31:59,842 basehttp 4808 16056 "GET /admin/core/activitylog/add/ HTTP/1.1" 200 20548
INFO 2025-07-24 10:31:59,899 basehttp 4808 16056 "GET /admin/jsi18n/ HTTP/1.1" 200 3342
INFO 2025-07-24 10:32:02,088 basehttp 4808 16056 "GET /admin/core/activitylog/ HTTP/1.1" 200 17136
INFO 2025-07-24 10:32:03,525 basehttp 4808 16056 "GET /admin/core/systemsettings/ HTTP/1.1" 200 15053
INFO 2025-07-24 10:32:03,578 basehttp 4808 16056 "GET /admin/jsi18n/ HTTP/1.1" 200 3342
INFO 2025-07-24 10:32:04,667 basehttp 4808 16056 "GET /admin/core/systemsettings/add/ HTTP/1.1" 200 23564
INFO 2025-07-24 10:32:04,716 basehttp 4808 16056 "GET /admin/jsi18n/ HTTP/1.1" 200 3342
INFO 2025-07-24 10:32:07,969 basehttp 4808 16056 "GET /admin/core/systemsettings/ HTTP/1.1" 200 15053
INFO 2025-07-24 10:32:12,305 basehttp 4808 16056 "GET /admin/players/group/add/ HTTP/1.1" 200 22938
INFO 2025-07-24 10:32:12,351 basehttp 4808 11536 "GET /static/admin/img/icon-deletelink.svg HTTP/1.1" 200 392
INFO 2025-07-24 10:32:12,352 basehttp 4808 16056 "GET /admin/jsi18n/ HTTP/1.1" 200 3342
INFO 2025-07-24 10:32:15,018 basehttp 4808 16056 "GET /admin/core/systemsettings/ HTTP/1.1" 200 15053
INFO 2025-07-24 10:32:16,428 basehttp 4808 16056 "GET /admin/players/player/add/ HTTP/1.1" 200 27206
INFO 2025-07-24 10:32:16,475 basehttp 4808 16056 "GET /admin/jsi18n/ HTTP/1.1" 200 3342
INFO 2025-07-24 10:32:20,435 basehttp 4808 16056 "GET /admin/core/systemsettings/ HTTP/1.1" 200 15053
INFO 2025-07-24 10:32:24,056 basehttp 4808 16056 "GET /admin/playlists/playlistitem/add/ HTTP/1.1" 200 23840
INFO 2025-07-24 10:32:24,098 basehttp 4808 16056 "GET /admin/jsi18n/ HTTP/1.1" 200 3342
INFO 2025-07-24 10:32:27,516 basehttp 4808 16056 "GET /admin/core/systemsettings/ HTTP/1.1" 200 15053
INFO 2025-07-24 10:32:30,011 basehttp 4808 16056 "GET /admin/playlists/playlist/add/ HTTP/1.1" 200 30356
INFO 2025-07-24 10:32:30,059 basehttp 4808 16056 "GET /admin/jsi18n/ HTTP/1.1" 200 3342
INFO 2025-07-24 10:32:30,068 basehttp 4808 16056 "GET /static/admin/img/icon-unknown.svg HTTP/1.1" 200 655
INFO 2025-07-24 10:32:30,085 basehttp 4808 11536 "GET /static/admin/js/inlines.js HTTP/1.1" 200 15628
INFO 2025-07-24 10:32:31,449 basehttp 4808 11536 "GET /admin/core/systemsettings/ HTTP/1.1" 200 15053
INFO 2025-07-24 10:32:33,065 basehttp 4808 11536 "GET /admin/scheduling/deploymentlog/add/ HTTP/1.1" 200 22233
INFO 2025-07-24 10:32:33,114 basehttp 4808 11536 "GET /admin/jsi18n/ HTTP/1.1" 200 3342
INFO 2025-07-24 10:32:34,173 basehttp 4808 11536 "GET /admin/core/systemsettings/ HTTP/1.1" 200 15053
INFO 2025-07-24 10:32:35,327 basehttp 4808 11536 "GET /admin/scheduling/deployment/add/ HTTP/1.1" 200 25802
INFO 2025-07-24 10:32:35,382 basehttp 4808 11536 "GET /admin/jsi18n/ HTTP/1.1" 200 3342
INFO 2025-07-24 10:32:36,613 basehttp 4808 11536 "GET /admin/core/systemsettings/ HTTP/1.1" 200 15053
INFO 2025-07-24 10:32:37,954 basehttp 4808 11536 "GET /admin/scheduling/schedule/add/ HTTP/1.1" 200 26023
INFO 2025-07-24 10:32:38,002 basehttp 4808 11536 "GET /admin/jsi18n/ HTTP/1.1" 200 3342
INFO 2025-07-24 10:32:41,779 basehttp 4808 11536 "GET /admin/core/systemsettings/ HTTP/1.1" 200 15053
INFO 2025-07-24 10:49:01,724 autoreload 16900 1924 Watching for file changes with StatReloader
INFO 2025-07-24 18:34:34,426 autoreload 11160 17836 Watching for file changes with StatReloader
INFO 2025-07-24 18:34:39,945 basehttp 11160 13728 "GET /admin/ HTTP/1.1" 200 16362
INFO 2025-07-24 18:34:39,995 basehttp 11160 13728 "GET /static/admin/css/base.css HTTP/1.1" 304 0
INFO 2025-07-24 18:34:40,009 basehttp 11160 3888 "GET /static/admin/js/theme.js HTTP/1.1" 304 0
INFO 2025-07-24 18:34:40,009 basehttp 11160 13728 "GET /static/admin/css/dark_mode.css HTTP/1.1" 304 0
INFO 2025-07-24 18:34:40,009 basehttp 11160 8860 "GET /static/admin/css/nav_sidebar.css HTTP/1.1" 304 0
INFO 2025-07-24 18:34:40,011 basehttp 11160 9092 "GET /static/admin/css/dashboard.css HTTP/1.1" 304 0
INFO 2025-07-24 18:34:40,011 basehttp 11160 15248 "GET /static/admin/css/responsive.css HTTP/1.1" 304 0
INFO 2025-07-24 18:34:40,018 basehttp 11160 15248 "GET /static/admin/js/nav_sidebar.js HTTP/1.1" 304 0
INFO 2025-07-24 18:34:40,023 basehttp 11160 9092 "GET /static/admin/img/icon-changelink.svg HTTP/1.1" 304 0
INFO 2025-07-24 18:34:40,023 basehttp 11160 15248 "GET /static/admin/img/icon-addlink.svg HTTP/1.1" 304 0
INFO 2025-07-24 18:34:40,067 basehttp 11160 8860 "GET /static/admin/img/icon-viewlink.svg HTTP/1.1" 200 581
INFO 2025-07-24 18:34:45,633 basehttp 11160 8860 "GET /admin/players/player/ HTTP/1.1" 200 18055
INFO 2025-07-24 18:34:45,708 basehttp 11160 8860 "GET /static/admin/css/changelists.css HTTP/1.1" 200 6878
INFO 2025-07-24 18:34:45,718 basehttp 11160 9092 "GET /static/admin/js/jquery.init.js HTTP/1.1" 200 347
INFO 2025-07-24 18:34:45,727 basehttp 11160 13728 "GET /static/admin/js/core.js HTTP/1.1" 200 6208
INFO 2025-07-24 18:34:45,728 basehttp 11160 3888 "GET /static/admin/js/admin/RelatedObjectLookups.js HTTP/1.1" 200 9777
INFO 2025-07-24 18:34:45,738 basehttp 11160 8860 "GET /static/admin/js/urlify.js HTTP/1.1" 200 7887
INFO 2025-07-24 18:34:45,738 basehttp 11160 17984 "GET /static/admin/js/actions.js HTTP/1.1" 200 8076
INFO 2025-07-24 18:34:45,745 basehttp 11160 9092 "GET /static/admin/js/prepopulate.js HTTP/1.1" 200 1531
INFO 2025-07-24 18:34:45,745 basehttp 11160 17984 "GET /static/admin/img/search.svg HTTP/1.1" 304 0
INFO 2025-07-24 18:34:45,771 basehttp 11160 3888 "GET /admin/jsi18n/ HTTP/1.1" 200 3342
INFO 2025-07-24 18:34:45,777 basehttp 11160 15248 "GET /static/admin/js/vendor/jquery/jquery.js HTTP/1.1" 200 285314
INFO 2025-07-24 18:34:45,803 basehttp 11160 15248 "GET /static/admin/js/filters.js HTTP/1.1" 200 978
INFO 2025-07-24 18:34:45,835 basehttp 11160 13728 "GET /static/admin/js/vendor/xregexp/xregexp.js HTTP/1.1" 200 325171
INFO 2025-07-24 18:34:45,859 basehttp 11160 13728 "GET /static/admin/img/tooltag-add.svg HTTP/1.1" 200 331
INFO 2025-07-24 18:34:48,957 basehttp 11160 13728 "GET /admin/players/player/add/ HTTP/1.1" 200 33606
INFO 2025-07-24 18:34:49,018 basehttp 11160 13728 "GET /static/admin/css/forms.css HTTP/1.1" 200 8525
INFO 2025-07-24 18:34:49,030 basehttp 11160 9092 "GET /admin/jsi18n/ HTTP/1.1" 200 3342
INFO 2025-07-24 18:34:49,042 basehttp 11160 13728 "GET /static/admin/css/widgets.css HTTP/1.1" 200 11991
INFO 2025-07-24 18:34:49,043 basehttp 11160 3888 "GET /static/admin/js/prepopulate_init.js HTTP/1.1" 200 586
INFO 2025-07-24 18:34:49,048 basehttp 11160 15248 "GET /static/admin/js/inlines.js HTTP/1.1" 200 15628
INFO 2025-07-24 18:34:49,075 basehttp 11160 15248 "GET /static/admin/js/change_form.js HTTP/1.1" 200 606
INFO 2025-07-24 18:41:02,949 autoreload 11160 17836 C:\laragon\www\Django_DigSignature\DigSignature_server\players\models.py changed, reloading.
INFO 2025-07-24 18:41:03,862 autoreload 3176 18336 Watching for file changes with StatReloader
INFO 2025-07-24 18:41:19,849 autoreload 16344 17048 Watching for file changes with StatReloader
INFO 2025-07-24 18:43:19,171 autoreload 16344 17048 C:\laragon\www\Django_DigSignature\DigSignature_server\players\admin.py changed, reloading.
INFO 2025-07-24 18:43:19,847 autoreload 9092 3888 Watching for file changes with StatReloader
INFO 2025-07-24 18:48:05,954 autoreload 9092 3888 C:\laragon\www\Django_DigSignature\DigSignature_server\players\views.py changed, reloading.
INFO 2025-07-24 18:48:06,633 autoreload 15796 17716 Watching for file changes with StatReloader
INFO 2025-07-24 18:48:07,913 autoreload 15796 17716 C:\laragon\www\Django_DigSignature\DigSignature_server\players\urls.py changed, reloading.
INFO 2025-07-24 18:48:08,520 autoreload 17960 7244 Watching for file changes with StatReloader
INFO 2025-07-24 18:49:01,801 autoreload 15052 17824 Watching for file changes with StatReloader
INFO 2025-07-24 18:49:41,107 basehttp 15052 10676 "GET /admin/players/player/add/ HTTP/1.1" 200 33958
INFO 2025-07-24 18:49:41,172 basehttp 15052 10676 "GET /admin/jsi18n/ HTTP/1.1" 200 3342
INFO 2025-07-24 18:49:54,047 basehttp 15052 10676 "GET /admin/players/synclog/ HTTP/1.1" 200 17534
INFO 2025-07-24 18:49:54,113 basehttp 15052 10676 "GET /admin/jsi18n/ HTTP/1.1" 200 3342
INFO 2025-07-24 18:50:20,376 basehttp 15052 10676 "GET / HTTP/1.1" 200 21455
WARNING 2025-07-24 18:50:49,790 log 15052 10676 Not Found: /hf
WARNING 2025-07-24 18:50:49,791 basehttp 15052 10676 "GET /hf HTTP/1.1" 404 4496
INFO 2025-07-24 18:51:08,751 basehttp 15052 10676 "GET / HTTP/1.1" 200 21455
INFO 2025-07-24 18:51:18,720 basehttp 15052 10676 "GET /api/system/health/ HTTP/1.1" 200 17
WARNING 2025-07-24 18:51:50,301 log 15052 10676 Not Found: /players/A1B2C3D4E5F6G7H8/logs/
WARNING 2025-07-24 18:51:50,302 basehttp 15052 10676 "GET //players/A1B2C3D4E5F6G7H8/logs/ HTTP/1.1" 404 8328
INFO 2025-07-24 18:52:18,295 basehttp 15052 10676 "GET /admin/players/player/ HTTP/1.1" 200 18396
INFO 2025-07-24 18:52:18,362 basehttp 15052 10676 "GET /admin/jsi18n/ HTTP/1.1" 200 3342
INFO 2025-07-24 18:52:19,911 basehttp 15052 10676 "GET /admin/players/player/add/ HTTP/1.1" 200 33958
INFO 2025-07-24 18:52:19,959 basehttp 15052 10676 "GET /admin/jsi18n/ HTTP/1.1" 200 3342
WARNING 2025-07-24 18:53:11,695 log 15052 10676 Not Found: /hf
WARNING 2025-07-24 18:53:11,697 basehttp 15052 10676 "GET /hf HTTP/1.1" 404 4496
INFO 2025-07-24 18:59:38,278 autoreload 17512 4648 Watching for file changes with StatReloader
WARNING 2025-07-24 19:00:18,468 log 17512 15000 Bad Request: /players/api/register/
WARNING 2025-07-24 19:00:18,468 basehttp 17512 15000 "POST /players/api/register/ HTTP/1.1" 400 46
INFO 2025-07-24 19:00:47,936 basehttp 17512 16076 "GET /players/api/list/ HTTP/1.1" 200 48
WARNING 2025-07-24 19:00:48,119 log 17512 16076 Not Found: /favicon.ico
WARNING 2025-07-24 19:00:48,120 basehttp 17512 16076 "GET /favicon.ico HTTP/1.1" 404 4519
WARNING 2025-07-24 19:01:27,030 log 17512 7672 Bad Request: /players/api/register/
WARNING 2025-07-24 19:01:27,031 basehttp 17512 7672 "POST /players/api/register/ HTTP/1.1" 400 46
WARNING 2025-07-24 19:02:41,122 log 17512 17436 Bad Request: /players/api/register/
WARNING 2025-07-24 19:02:41,123 basehttp 17512 17436 "POST /players/api/register/ HTTP/1.1" 400 46
WARNING 2025-07-24 19:03:43,027 log 17512 5416 Bad Request: /players/api/register/
WARNING 2025-07-24 19:03:43,028 basehttp 17512 5416 "POST /players/api/register/ HTTP/1.1" 400 46
INFO 2025-07-24 19:05:42,177 basehttp 17512 16360 "POST /players/api/register/ HTTP/1.1" 200 242
INFO 2025-07-24 19:06:53,226 basehttp 17512 12836 "GET /admin/players/player/ HTTP/1.1" 200 21746
INFO 2025-07-24 19:06:53,303 basehttp 17512 12836 "GET /admin/jsi18n/ HTTP/1.1" 200 3342
INFO 2025-07-24 19:06:53,389 basehttp 17512 12836 "GET /static/admin/img/sorting-icons.svg HTTP/1.1" 200 1097
INFO 2025-07-24 19:06:58,495 basehttp 17512 12836 "GET /admin/players/player/1/change/ HTTP/1.1" 200 34647
INFO 2025-07-24 19:06:58,556 basehttp 17512 12836 "GET /admin/jsi18n/ HTTP/1.1" 200 3342
INFO 2025-07-24 19:07:25,007 basehttp 17512 8072 "GET /players/A1B2C3D4E5F6G7H8/logs/ HTTP/1.1" 200 16230
WARNING 2025-07-24 19:07:43,695 log 17512 17060 Bad Request: /players/api/logs/single/
WARNING 2025-07-24 19:07:43,697 basehttp 17512 17060 "POST /players/api/logs/single/ HTTP/1.1" 400 46
INFO 2025-07-24 19:07:55,080 basehttp 17512 8072 "GET /players/A1B2C3D4E5F6G7H8/logs/ HTTP/1.1" 200 16230
INFO 2025-07-24 19:08:25,116 basehttp 17512 8072 "GET /players/A1B2C3D4E5F6G7H8/logs/ HTTP/1.1" 200 16230
INFO 2025-07-24 19:08:55,151 basehttp 17512 8072 "GET /players/A1B2C3D4E5F6G7H8/logs/ HTTP/1.1" 200 16230
INFO 2025-07-24 19:09:25,197 basehttp 17512 8072 "GET /players/A1B2C3D4E5F6G7H8/logs/ HTTP/1.1" 200 16230
INFO 2025-07-24 19:10:58,415 basehttp 17512 720 "POST /players/api/logs/single/ HTTP/1.1" 200 122
INFO 2025-07-24 19:11:04,688 basehttp 17512 8072 "GET /players/A1B2C3D4E5F6G7H8/logs/ HTTP/1.1" 200 16230
INFO 2025-07-24 19:11:06,306 basehttp 17512 8072 "GET /players/A1B2C3D4E5F6G7H8/logs/ HTTP/1.1" 200 16230
INFO 2025-07-24 19:11:15,643 basehttp 17512 8072 "GET /players/A1B2C3D4E5F6G7H8/logs/ HTTP/1.1" 200 16230
INFO 2025-07-24 19:11:16,944 basehttp 17512 8072 "GET /players/A1B2C3D4E5F6G7H8/logs/ HTTP/1.1" 200 16230
INFO 2025-07-24 19:11:21,087 basehttp 17512 12836 "GET /admin/players/player/1/change/ HTTP/1.1" 200 34647
INFO 2025-07-24 19:11:21,152 basehttp 17512 12836 "GET /admin/jsi18n/ HTTP/1.1" 200 3342
INFO 2025-07-24 19:11:26,742 basehttp 17512 12836 "GET /admin/players/synclog/ HTTP/1.1" 200 17534
INFO 2025-07-24 19:11:26,811 basehttp 17512 12836 "GET /admin/jsi18n/ HTTP/1.1" 200 3342
INFO 2025-07-24 19:11:29,410 basehttp 17512 12836 "GET /admin/players/devicelog/ HTTP/1.1" 200 22042
INFO 2025-07-24 19:11:29,459 basehttp 17512 12836 "GET /admin/jsi18n/ HTTP/1.1" 200 3342
INFO 2025-07-24 19:11:34,091 basehttp 17512 12836 "GET /admin/players/devicelog/1/change/ HTTP/1.1" 200 27041
INFO 2025-07-24 19:11:34,144 basehttp 17512 12836 "GET /admin/jsi18n/ HTTP/1.1" 200 3342
INFO 2025-07-24 19:11:49,203 basehttp 17512 8072 "GET /players/A1B2C3D4E5F6G7H8/logs/ HTTP/1.1" 200 16230
INFO 2025-07-24 19:11:49,959 basehttp 17512 8072 "GET /players/A1B2C3D4E5F6G7H8/logs/ HTTP/1.1" 200 16230
INFO 2025-07-24 19:11:50,560 basehttp 17512 8072 "GET /players/A1B2C3D4E5F6G7H8/logs/ HTTP/1.1" 200 16230
INFO 2025-07-24 19:12:14,099 basehttp 17512 17312 "POST /players/api/logs/batch/ HTTP/1.1" 200 134
INFO 2025-07-24 19:12:22,929 basehttp 17512 12836 "GET /admin/players/devicelog/ HTTP/1.1" 200 24442
INFO 2025-07-24 19:12:22,991 basehttp 17512 12836 "GET /admin/jsi18n/ HTTP/1.1" 200 3342
INFO 2025-07-24 19:12:27,877 basehttp 17512 8072 "GET /players/A1B2C3D4E5F6G7H8/logs/ HTTP/1.1" 200 16230
INFO 2025-07-24 19:12:30,494 basehttp 17512 8072 "GET /players/A1B2C3D4E5F6G7H8/logs/ HTTP/1.1" 200 16230
INFO 2025-07-24 19:13:51,707 basehttp 17512 8072 "GET /players/A1B2C3D4E5F6G7H8/logs/ HTTP/1.1" 200 16230
INFO 2025-07-24 19:14:21,749 basehttp 17512 8072 "GET /players/A1B2C3D4E5F6G7H8/logs/ HTTP/1.1" 200 16230
INFO 2025-07-24 19:16:10,119 basehttp 17512 8072 "GET /players/A1B2C3D4E5F6G7H8/logs/ HTTP/1.1" 200 16230
INFO 2025-07-24 19:18:29,082 basehttp 17512 13728 "POST /players/api/logs/single/ HTTP/1.1" 200 122
INFO 2025-07-24 19:18:32,968 basehttp 17512 14068 "POST /players/api/logs/batch/ HTTP/1.1" 200 134
INFO 2025-07-24 19:18:43,868 basehttp 17512 8072 "GET /players/A1B2C3D4E5F6G7H8/logs/ HTTP/1.1" 200 18803
INFO 2025-07-24 19:19:13,920 basehttp 17512 8072 "GET /players/A1B2C3D4E5F6G7H8/logs/ HTTP/1.1" 200 18803
INFO 2025-07-24 19:20:01,174 basehttp 17512 11796 "GET /admin/players/devicelog/ HTTP/1.1" 200 27412
INFO 2025-07-24 19:20:01,241 basehttp 17512 11796 "GET /admin/jsi18n/ HTTP/1.1" 200 3342
INFO 2025-07-24 19:20:26,814 basehttp 17512 11796 "POST /admin/players/devicelog/ HTTP/1.1" 200 16428
INFO 2025-07-24 19:20:26,903 basehttp 17512 11796 "GET /static/admin/js/cancel.js HTTP/1.1" 200 884
INFO 2025-07-24 19:20:28,222 basehttp 17512 11796 "POST /admin/players/devicelog/ HTTP/1.1" 302 0
INFO 2025-07-24 19:20:28,259 basehttp 17512 11796 "GET /admin/players/devicelog/ HTTP/1.1" 200 24715
INFO 2025-07-24 19:20:28,303 basehttp 17512 11796 "GET /admin/jsi18n/ HTTP/1.1" 200 3342
INFO 2025-07-24 19:20:28,346 basehttp 17512 11796 "GET /static/admin/img/icon-yes.svg HTTP/1.1" 200 436
INFO 2025-07-24 19:39:31,767 basehttp 17512 15992 "GET /players/A1B2C3D4E5F6G7H8/logs/ HTTP/1.1" 200 18803
INFO 2025-07-24 19:44:05,972 basehttp 17512 15992 "GET /players/A1B2C3D4E5F6G7H8/logs/ HTTP/1.1" 200 15181
INFO 2025-07-24 19:44:36,024 basehttp 17512 15992 "GET /players/A1B2C3D4E5F6G7H8/logs/ HTTP/1.1" 200 15181
INFO 2025-07-24 19:45:06,072 basehttp 17512 15992 "GET /players/A1B2C3D4E5F6G7H8/logs/ HTTP/1.1" 200 15181
INFO 2025-07-24 19:45:36,123 basehttp 17512 15992 "GET /players/A1B2C3D4E5F6G7H8/logs/ HTTP/1.1" 200 15181
INFO 2025-07-24 19:46:06,174 basehttp 17512 15992 "GET /players/A1B2C3D4E5F6G7H8/logs/ HTTP/1.1" 200 15181
INFO 2025-07-24 19:46:36,226 basehttp 17512 15992 "GET /players/A1B2C3D4E5F6G7H8/logs/ HTTP/1.1" 200 15181
INFO 2025-07-24 19:47:06,283 basehttp 17512 15992 "GET /players/A1B2C3D4E5F6G7H8/logs/ HTTP/1.1" 200 15181
INFO 2025-07-24 19:47:36,332 basehttp 17512 15992 "GET /players/A1B2C3D4E5F6G7H8/logs/ HTTP/1.1" 200 15181
INFO 2025-07-24 19:48:06,371 basehttp 17512 15992 "GET /players/A1B2C3D4E5F6G7H8/logs/ HTTP/1.1" 200 15181
INFO 2025-07-24 19:48:36,417 basehttp 17512 15992 "GET /players/A1B2C3D4E5F6G7H8/logs/ HTTP/1.1" 200 15181
INFO 2025-07-24 19:49:06,468 basehttp 17512 15992 "GET /players/A1B2C3D4E5F6G7H8/logs/ HTTP/1.1" 200 15181
INFO 2025-07-24 19:49:36,522 basehttp 17512 15992 "GET /players/A1B2C3D4E5F6G7H8/logs/ HTTP/1.1" 200 15181
INFO 2025-07-24 19:50:06,554 basehttp 17512 15992 "GET /players/A1B2C3D4E5F6G7H8/logs/ HTTP/1.1" 200 15181
INFO 2025-07-24 19:50:36,609 basehttp 17512 15992 "GET /players/A1B2C3D4E5F6G7H8/logs/ HTTP/1.1" 200 15181
INFO 2025-07-24 19:51:06,659 basehttp 17512 15992 "GET /players/A1B2C3D4E5F6G7H8/logs/ HTTP/1.1" 200 15181
INFO 2025-07-24 19:51:36,700 basehttp 17512 15992 "GET /players/A1B2C3D4E5F6G7H8/logs/ HTTP/1.1" 200 15181
INFO 2025-07-24 19:52:06,746 basehttp 17512 15992 "GET /players/A1B2C3D4E5F6G7H8/logs/ HTTP/1.1" 200 15181
INFO 2025-07-24 19:52:36,793 basehttp 17512 15992 "GET /players/A1B2C3D4E5F6G7H8/logs/ HTTP/1.1" 200 15181
INFO 2025-07-24 19:53:06,834 basehttp 17512 15992 "GET /players/A1B2C3D4E5F6G7H8/logs/ HTTP/1.1" 200 15181
INFO 2025-07-24 19:53:36,885 basehttp 17512 15992 "GET /players/A1B2C3D4E5F6G7H8/logs/ HTTP/1.1" 200 15181
INFO 2025-07-24 19:54:06,938 basehttp 17512 15992 "GET /players/A1B2C3D4E5F6G7H8/logs/ HTTP/1.1" 200 15181
INFO 2025-07-24 19:54:36,985 basehttp 17512 15992 "GET /players/A1B2C3D4E5F6G7H8/logs/ HTTP/1.1" 200 15181
INFO 2025-07-24 19:55:07,039 basehttp 17512 15992 "GET /players/A1B2C3D4E5F6G7H8/logs/ HTTP/1.1" 200 15181
INFO 2025-07-24 19:55:37,094 basehttp 17512 15992 "GET /players/A1B2C3D4E5F6G7H8/logs/ HTTP/1.1" 200 15181
INFO 2025-07-24 19:56:07,146 basehttp 17512 15992 "GET /players/A1B2C3D4E5F6G7H8/logs/ HTTP/1.1" 200 15181
INFO 2025-07-24 19:56:37,197 basehttp 17512 15992 "GET /players/A1B2C3D4E5F6G7H8/logs/ HTTP/1.1" 200 15181
INFO 2025-07-24 19:57:07,249 basehttp 17512 15992 "GET /players/A1B2C3D4E5F6G7H8/logs/ HTTP/1.1" 200 15181
INFO 2025-07-24 19:57:37,288 basehttp 17512 15992 "GET /players/A1B2C3D4E5F6G7H8/logs/ HTTP/1.1" 200 15181
INFO 2025-07-24 19:58:07,334 basehttp 17512 15992 "GET /players/A1B2C3D4E5F6G7H8/logs/ HTTP/1.1" 200 15181
INFO 2025-07-24 19:58:38,204 basehttp 17512 15992 "GET /players/A1B2C3D4E5F6G7H8/logs/ HTTP/1.1" 200 15181
INFO 2025-07-24 19:59:09,200 basehttp 17512 15992 "GET /players/A1B2C3D4E5F6G7H8/logs/ HTTP/1.1" 200 15181
